Fri Dec  2 13:57:25 2011 jacob.lundqvist@gmail.com
Fri Dec  2 13:59:40 2011 dean.birkett@kb.nl
Fri Dec  2 14:05:19 2011 jacob.lundqvist@gmail.com
Fri Dec  2 14:08:21 2011 jacob.lundqvist@gmail.com
Fri Dec  2 14:35:56 2011 jacob.lundqvist@gmail.com
Fri Dec  2 14:42:15 2011 jacob.lundqvist@gmail.com
Fri Dec  2 14:51:54 2011 dean.birkett@kb.nl
Fri Dec  2 15:00:01 2011 dean.birkett@kb.nl
Fri Dec  2 15:13:16 2011 dean.birkett@kb.nl
Mon Dec  5 10:56:44 2011 dean.birkett@kb.nl
Mon Dec  5 11:39:11 2011 dean.birkett@kb.nl
Tue Dec  6 09:49:29 2011 dean.birkett@kb.nl
Thu Dec  8 16:02:20 2011 dean.birkett@kb.nl
Thu Dec  8 16:03:00 2011 dean.birkett@kb.nl
Thu Dec  8 16:31:08 2011 dean.birkett@kb.nl
Fri Dec  9 10:38:32 2011 dean.birkett@kb.nl
Fri Dec  9 14:43:06 2011 dean.birkett@kb.nl
Sun Dec 11 23:17:28 2011 dean.birkett@kb.nl
Mon Dec 12 12:38:05 2011 dean.birkett@kb.nl
Mon Dec 12 13:11:45 2011 dean.birkett@kb.nl
Mon Dec 12 16:22:46 2011 dean.birkett@kb.nl
Thu Dec 15 14:48:30 2011 dean.birkett@kb.nl
Thu Dec 15 15:07:15 2011 dean.birkett@kb.nl
Thu Dec 15 15:20:00 2011 dean.birkett@kb.nl
Thu Dec 15 15:56:45 2011 dean.birkett@kb.nl
Wed Jan  4 15:39:18 2012 dean.birkett@kb.nl
Wed Jan 11 13:42:36 2012 dean.birkett@kb.nl
Wed Jan 11 14:06:34 2012 dean.birkett@kb.nl
Wed Jan 11 15:50:20 2012 dean.birkett@kb.nl
Thu Jan 12 14:01:38 2012 dean.birkett@kb.nl
Thu Jan 12 14:19:05 2012 dean.birkett@kb.nl
Thu Jan 12 14:25:40 2012 dean.birkett@kb.nl
Fri Jan 13 10:38:50 2012 dean.birkett@kb.nl
Fri Jan 13 11:56:54 2012 dean.birkett@kb.nl
Fri Jan 13 13:07:31 2012 dean.birkett@kb.nl
Fri Jan 13 13:26:28 2012 dean.birkett@kb.nl
Fri Jan 13 13:53:53 2012 dean.birkett@kb.nl
Fri Jan 13 14:43:40 2012 dean.birkett@kb.nl
Thu Jan 19 15:54:11 2012 dean.birkett@kb.nl
Fri Jan 20 09:45:17 2012 dean.birkett@kb.nl
Wed Jan 25 15:46:05 2012 dean.birkett@kb.nl
Thu Feb  2 11:10:02 2012 dean.birkett@kb.nl
Thu Feb  2 14:26:03 2012 dean.birkett@kb.nl
Thu Feb  2 15:02:18 2012 dean.birkett@kb.nl
Fri Feb  3 11:40:17 2012 dean.birkett@kb.nl
Fri Feb  3 15:07:28 2012 dean.birkett@kb.nl
Tue Feb  7 13:41:34 2012 dean.birkett@kb.nl
Tue Feb 14 13:18:27 2012 dean.birkett@kb.nl
Wed Feb 15 09:57:50 2012 dean.birkett@kb.nl
Wed Feb 15 10:20:13 2012 dean.birkett@kb.nl
Wed Feb 15 11:39:10 2012 dean.birkett@kb.nl
Wed Feb 15 12:04:16 2012 dean.birkett@kb.nl
Wed Feb 15 12:18:05 2012 dean.birkett@kb.nl
Wed Feb 15 13:04:03 2012 dean.birkett@kb.nl
Thu Feb 16 11:01:58 2012 dean.birkett@kb.nl
Thu Feb 16 11:02:38 2012 dean.birkett@kb.nl
Thu Feb 16 11:06:10 2012 dean.birkett@kb.nl
Thu Feb 16 12:44:19 2012 dean.birkett@kb.nl
Thu Feb 16 14:00:40 2012 jacob.lundqvist@gmail.com
Thu Feb 16 14:46:25 2012 dean.birkett@kb.nl
Fri Feb 17 09:01:48 2012 dean.birkett@kb.nl
Tue Feb 21 14:08:35 2012 dean.birkett@kb.nl
Tue Feb 21 15:56:19 2012 dean.birkett@kb.nl
Tue Feb 21 16:23:23 2012 dean.birkett@kb.nl
Wed Feb 22 12:28:53 2012 dean.birkett@kb.nl
Wed Feb 22 12:48:28 2012 jacob.lundqvist@gmail.com
Wed Feb 22 13:04:08 2012 jacob.lundqvist@gmail.com
Wed Feb 22 13:46:31 2012 dean.birkett@kb.nl
Wed Feb 22 14:48:58 2012 dean.birkett@kb.nl
Thu Feb 23 08:57:34 2012 dean.birkett@kb.nl
Thu Feb 23 10:03:39 2012 dean.birkett@kb.nl
Thu Feb 23 10:27:54 2012 dean.birkett@kb.nl
Fri Feb 24 12:58:31 2012 dean.birkett@kb.nl
Fri Feb 24 13:26:40 2012 dean.birkett@kb.nl
Tue Feb 28 11:03:51 2012 dean.birkett@kb.nl
Tue Feb 28 16:01:21 2012 dean.birkett@kb.nl
Wed Feb 29 09:35:39 2012 dean.birkett@kb.nl
Wed Feb 29 09:49:51 2012 dean.birkett@kb.nl
Thu Mar  1 13:51:10 2012 dean.birkett@kb.nl
Thu Mar  1 16:04:49 2012 dean.birkett@kb.nl
Tue Mar  6 10:54:52 2012 dean.birkett@kb.nl
Tue Mar  6 11:17:49 2012 dean.birkett@kb.nl
Wed Mar  7 14:24:20 2012 dean.birkett@kb.nl
Wed Mar  7 17:01:19 2012 dean.birkett@kb.nl
Wed Mar 14 09:19:26 2012 dean.birkett@kb.nl
Wed Mar 28 09:22:30 2012 dean.birkett@kb.nl
Wed Mar 28 09:32:46 2012 dean.birkett@kb.nl
Wed Mar 28 16:19:51 2012 dean.birkett@kb.nl
Thu Mar 29 08:53:38 2012 dean.birkett@kb.nl
Thu Mar 29 15:50:00 2012 dean.birkett@kb.nl
Thu Apr  5 10:22:30 2012 dean.birkett@kb.nl
Thu Apr  5 15:53:04 2012 dean.birkett@kb.nl
Thu Apr  5 18:35:40 2012 dean.birkett@kb.nl
Thu Apr  5 18:40:14 2012 dean.birkett@kb.nl
Thu Apr  5 18:48:38 2012 dean.birkett@kb.nl
Thu Apr 19 09:20:37 2012 dean.birkett@kb.nl
Thu Apr 19 10:31:05 2012 dean.birkett@kb.nl
Wed May  2 16:56:03 2012 jacob.lundqvist@gmail.com
Wed May  2 17:14:25 2012 jacob.lundqvist@gmail.com
Wed May  2 17:41:42 2012 dean.birkett@kb.nl
Wed May  2 18:01:30 2012 dean.birkett@kb.nl
Fri May  4 15:27:10 2012 dean.birkett@kb.nl
Mon May  7 10:05:04 2012 dean.birkett@kb.nl
Mon May  7 15:01:27 2012 dean.birkett@kb.nl
Mon May  7 15:23:29 2012 dean.birkett@kb.nl
Mon May  7 17:35:35 2012 dean.birkett@kb.nl
Tue May  8 10:22:27 2012 dean.birkett@kb.nl
Tue May  8 17:42:18 2012 dean.birkett@kb.nl
Wed May 16 10:08:07 2012 dean.birkett@kb.nl
Wed May 16 10:57:08 2012 dean.birkett@kb.nl
Tue May 22 16:30:12 2012 dean.birkett@kb.nl
Thu May 24 13:03:30 2012 dean.birkett@kb.nl
Thu May 24 13:35:41 2012 dean.birkett@kb.nl
Mon Jun  3 09:58:03 2013 jacob.lundqvist@gmail.com
Mon Jun  3 10:06:57 2013 jacob.lundqvist@gmail.com
Mon Jun  3 15:29:29 2013 dean.birkett@kb.nl
Mon Jun  3 16:01:43 2013 dean.birkett@kb.nl
Tue Jun  4 10:09:16 2013 dean.birkett@kb.nl
Tue Jun  4 10:53:02 2013 dean.birkett@kb.nl
Wed Jun 12 11:09:07 2013 dean.birkett@kb.nl
Wed Jun 12 14:21:33 2013 pavel.kats@kb.nl
Wed Jun 12 14:58:19 2013 pavel.kats@kb.nl
Wed Jun 12 15:40:51 2013 pavel.kats@kb.nl
Thu Jun 13 09:10:36 2013 dean.birkett@kb.nl
Fri Jun 14 09:55:12 2013 dean.birkett@kb.nl
Thu Jun 20 09:10:48 2013 dean.birkett@kb.nl
Thu Jun 20 10:25:39 2013 dean.birkett@kb.nl
Fri Jun 21 11:18:16 2013 dean.birkett@kb.nl
Fri Jun 21 11:36:22 2013 dean.birkett@kb.nl
Mon Jun 24 12:46:09 2013 dean.birkett@kb.nl
