2012-10-25
remove displayPageUrl

new properties:

1) api.rowLimit
description: The maximal number of records in an API search result

example:
api.rowLimit = 100

2) portal.rowLimit
description: The maximal number of records in an portal search result

example:
portal.rowLimit = 96

3) api.optOutList
description: Location of opt-out list, used by both api and portal. It should point to an existing file which contains the list of opt-out collections.

example:
api.optOutList=/home/peterkiraly/workspace/europeana/trunk/api/opt-out.list.txt

2012-10-29

new property:
register-api.to

example:
register-api.to = api@europeana.eu